<?xml version="1.0" encoding="UTF-8"?>
<!-- Generated by org.testng.reporters.JUnitReportReporter -->
<testsuite hostname="LAPTOP-MAO4QE7A" failures="0" tests="1" name="Day2.DiffWaysToCreatePost" time="4.911" errors="0" timestamp="2024-02-27T22:30:58 IST" skipped="0">
  <testcase classname="Day2.DiffWaysToCreatePost" name="testPostUsingExternalJsonFile" time="4.911"/>
  <system-out/>
</testsuite> <!-- Day2.DiffWaysToCreatePost -->
