<?xml version="1.0" encoding="UTF-8"?>
<!-- Generated by org.testng.reporters.JUnitReportReporter -->
<testsuite hostname="LAPTOP-MAO4QE7A" failures="0" tests="1" name="Day7.FakerDataGenerator" time="0.948" errors="0" timestamp="2024-03-05T08:31:24 IST" skipped="0">
  <testcase classname="Day7.FakerDataGenerator" name="testGenerateDummydata" time="0.948"/>
  <system-out/>
</testsuite> <!-- Day7.FakerDataGenerator -->
