<?xml version="1.0" encoding="UTF-8"?>
<!-- Generated by org.testng.reporters.JUnitReportReporter -->
<testsuite hostname="LAPTOP-MAO4QE7A" failures="0" tests="1" name="Day3.PathAndQueryParameter" time="5.237" errors="0" timestamp="2024-02-29T06:48:43 IST" skipped="0">
  <testcase classname="Day3.PathAndQueryParameter" name="testqueryandpathparameter" time="5.237"/>
  <system-out/>
</testsuite> <!-- Day3.PathAndQueryParameter -->
