<?xml version="1.0" encoding="UTF-8"?>
<!-- Generated by org.testng.reporters.JUnitReportReporter -->
<testsuite hostname="LAPTOP-MAO4QE7A" failures="0" tests="1" name="Day5.ParsingXMLResponse" time="6.326" errors="0" timestamp="2024-03-02T08:17:01 IST" skipped="0">
  <testcase classname="Day5.ParsingXMLResponse" name="testXMLResponsedata" time="6.326"/>
  <system-out/>
</testsuite> <!-- Day5.ParsingXMLResponse -->
