<?xml version="1.0" encoding="UTF-8"?>
<!-- Generated by org.testng.reporters.JUnitReportReporter -->
<testsuite hostname="LAPTOP-MAO4QE7A" failures="0" tests="3" name="Day1.HTTPRequests" time="13.104" errors="0" timestamp="2024-02-20T20:16:30 IST" skipped="0">
  <testcase classname="Day1.HTTPRequests" name="deleteUser" time="7.185"/>
  <system-out/>
  <testcase classname="Day1.HTTPRequests" name="createUser" time="5.471"/>
  <system-out/>
  <testcase classname="Day1.HTTPRequests" name="updateUser" time="0.448"/>
  <system-out/>
</testsuite> <!-- Day1.HTTPRequests -->
