<?xml version="1.0" encoding="UTF-8"?>
<!-- Generated by org.testng.reporters.JUnitReportReporter -->
<testsuite hostname="LAPTOP-MAO4QE7A" failures="0" tests="1" name="Day6.serilizationdeserialization" time="0.847" errors="0" timestamp="2024-03-04T09:07:49 IST" skipped="0">
  <testcase classname="Day6.serilizationdeserialization" name="converjsontopojo" time="0.847"/>
  <system-out/>
</testsuite> <!-- Day6.serilizationdeserialization -->
