<?xml version="1.0" encoding="UTF-8"?>
<!-- Generated by org.testng.reporters.JUnitReportReporter -->
<testsuite hostname="LAPTOP-MAO4QE7A" failures="0" tests="1" name="Day3.TestHeaders" time="4.741" errors="0" timestamp="2024-02-29T07:32:13 IST" skipped="0">
  <testcase classname="Day3.TestHeaders" name="testHeadersvalues" time="4.741"/>
  <system-out/>
</testsuite> <!-- Day3.TestHeaders -->
