<?xml version="1.0" encoding="UTF-8"?>
<!-- Generated by org.testng.reporters.JUnitReportReporter -->
<testsuite hostname="LAPTOP-MAO4QE7A" failures="0" tests="1" name="Day6.JSONSchemaValidation" time="8.854" errors="0" timestamp="2024-03-04T07:53:50 IST" skipped="0">
  <testcase classname="Day6.JSONSchemaValidation" name="Jsonschemevalidation" time="8.854"/>
  <system-out/>
</testsuite> <!-- Day6.JSONSchemaValidation -->
