<?xml version="1.0" encoding="UTF-8"?>
<!-- Generated by org.testng.reporters.JUnitReportReporter -->
<testsuite hostname="LAPTOP-MAO4QE7A" failures="0" tests="1" name="Day3.CookiesDemo" time="4.679" errors="0" timestamp="2024-02-29T07:16:14 IST" skipped="0">
  <testcase classname="Day3.CookiesDemo" name="cookiesInfo" time="4.679"/>
  <system-out/>
</testsuite> <!-- Day3.CookiesDemo -->
