<?xml version="1.0" encoding="UTF-8"?>
<!-- Generated by org.testng.reporters.JUnitReportReporter -->
<testsuite hostname="LAPTOP-MAO4QE7A" failures="0" tests="4" name="api.test.UserTests" time="13.151" errors="0" timestamp="2024-03-10T21:26:12 IST" skipped="0">
  <testcase classname="api.test.UserTests" name="test_postUser" time="7.903"/>
  <system-out/>
  <testcase classname="api.test.UserTests" name="test_getUser" time="2.187"/>
  <system-out/>
  <testcase classname="api.test.UserTests" name="test_updateUser" time="1.674"/>
  <system-out/>
  <testcase classname="api.test.UserTests" name="test_deleteUser" time="1.387"/>
  <system-out/>
</testsuite> <!-- api.test.UserTests -->
